2024-06-30 16:01:37.422 [main] DEBUG io.netty.util.internal.logging.InternalLoggerFactory - Using SLF4J as the default logging framework
2024-06-30 16:01:37.673 [main] DEBUG io.netty.channel.MultithreadEventLoopGroup - -Dio.netty.eventLoopThreads: 8
2024-06-30 16:01:37.842 [main] DEBUG io.netty.util.internal.InternalThreadLocalMap - -Dio.netty.threadLocalMap.stringBuilder.initialSize: 1024
2024-06-30 16:01:37.843 [main] DEBUG io.netty.util.internal.InternalThreadLocalMap - -Dio.netty.threadLocalMap.stringBuilder.maxSize: 4096
2024-06-30 16:01:37.876 [main] DEBUG io.netty.channel.nio.NioEventLoop - -Dio.netty.noKeySetOptimization: false
2024-06-30 16:01:37.876 [main] DEBUG io.netty.channel.nio.NioEventLoop - -Dio.netty.selectorAutoRebuildThreshold: 512
2024-06-30 16:01:37.932 [main] DEBUG io.netty.util.internal.PlatformDependent - Platform: MacOS
2024-06-30 16:01:37.942 [main] DEBUG io.netty.util.internal.PlatformDependent0 - -Dio.netty.noUnsafe: false
2024-06-30 16:01:37.943 [main] DEBUG io.netty.util.internal.PlatformDependent0 - Java version: 8
2024-06-30 16:01:37.949 [main] DEBUG io.netty.util.internal.PlatformDependent0 - sun.misc.Unsafe.theUnsafe: available
2024-06-30 16:01:37.950 [main] DEBUG io.netty.util.internal.PlatformDependent0 - sun.misc.Unsafe.copyMemory: available
2024-06-30 16:01:37.953 [main] DEBUG io.netty.util.internal.PlatformDependent0 - java.nio.Buffer.address: available
2024-06-30 16:01:37.956 [main] DEBUG io.netty.util.internal.PlatformDependent0 - direct buffer constructor: available
2024-06-30 16:01:37.958 [main] DEBUG io.netty.util.internal.PlatformDependent0 - java.nio.Bits.unaligned: available, true
2024-06-30 16:01:37.958 [main] DEBUG io.netty.util.internal.PlatformDependent0 - jdk.internal.misc.Unsafe.allocateUninitializedArray(int): unavailable prior to Java9
2024-06-30 16:01:37.958 [main] DEBUG io.netty.util.internal.PlatformDependent0 - java.nio.DirectByteBuffer.<init>(long, int): available
2024-06-30 16:01:37.959 [main] DEBUG io.netty.util.internal.PlatformDependent - sun.misc.Unsafe: available
2024-06-30 16:01:37.959 [main] DEBUG io.netty.util.internal.PlatformDependent - -Dio.netty.tmpdir: /var/folders/sv/j7d3ylt55ml1ppnlw1qrx09c0000gn/T (java.io.tmpdir)
2024-06-30 16:01:37.959 [main] DEBUG io.netty.util.internal.PlatformDependent - -Dio.netty.bitMode: 64 (sun.arch.data.model)
2024-06-30 16:01:37.964 [main] DEBUG io.netty.util.internal.PlatformDependent - -Dio.netty.maxDirectMemory: 1908932608 bytes
2024-06-30 16:01:37.964 [main] DEBUG io.netty.util.internal.PlatformDependent - -Dio.netty.uninitializedArrayAllocationThreshold: -1
2024-06-30 16:01:38.026 [main] DEBUG io.netty.util.internal.CleanerJava6 - java.nio.ByteBuffer.cleaner(): available
2024-06-30 16:01:38.048 [main] DEBUG io.netty.util.internal.PlatformDependent - -Dio.netty.noPreferDirect: false
2024-06-30 16:01:38.085 [main] DEBUG io.netty.util.internal.PlatformDependent - org.jctools-core.MpscChunkedArrayQueue: available
2024-06-30 16:01:38.301 [main] DEBUG io.netty.util.ResourceLeakDetector - -Dio.netty.leakDetection.level: simple
2024-06-30 16:01:38.301 [main] DEBUG io.netty.util.ResourceLeakDetector - -Dio.netty.leakDetection.targetRecords: 4
2024-06-30 16:01:38.309 [main] DEBUG io.netty.buffer.PooledByteBufAllocator - -Dio.netty.allocator.numHeapArenas: 8
2024-06-30 16:01:38.310 [main] DEBUG io.netty.buffer.PooledByteBufAllocator - -Dio.netty.allocator.numDirectArenas: 8
2024-06-30 16:01:38.311 [main] DEBUG io.netty.buffer.PooledByteBufAllocator - -Dio.netty.allocator.pageSize: 8192
2024-06-30 16:01:38.312 [main] DEBUG io.netty.buffer.PooledByteBufAllocator - -Dio.netty.allocator.maxOrder: 11
2024-06-30 16:01:38.312 [main] DEBUG io.netty.buffer.PooledByteBufAllocator - -Dio.netty.allocator.chunkSize: 16777216
2024-06-30 16:01:38.313 [main] DEBUG io.netty.buffer.PooledByteBufAllocator - -Dio.netty.allocator.smallCacheSize: 256
2024-06-30 16:01:38.313 [main] DEBUG io.netty.buffer.PooledByteBufAllocator - -Dio.netty.allocator.normalCacheSize: 64
2024-06-30 16:01:38.313 [main] DEBUG io.netty.buffer.PooledByteBufAllocator - -Dio.netty.allocator.maxCachedBufferCapacity: 32768
2024-06-30 16:01:38.314 [main] DEBUG io.netty.buffer.PooledByteBufAllocator - -Dio.netty.allocator.cacheTrimInterval: 8192
2024-06-30 16:01:38.315 [main] DEBUG io.netty.buffer.PooledByteBufAllocator - -Dio.netty.allocator.cacheTrimIntervalMillis: 0
2024-06-30 16:01:38.316 [main] DEBUG io.netty.buffer.PooledByteBufAllocator - -Dio.netty.allocator.useCacheForAllThreads: true
2024-06-30 16:01:38.316 [main] DEBUG io.netty.buffer.PooledByteBufAllocator - -Dio.netty.allocator.maxCachedByteBuffersPerChunk: 1023
2024-06-30 16:01:38.453 [main] DEBUG io.netty.channel.DefaultChannelId - -Dio.netty.processId: 79511 (auto-detected)
2024-06-30 16:01:38.458 [main] DEBUG io.netty.util.NetUtil - -Djava.net.preferIPv4Stack: false
2024-06-30 16:01:38.458 [main] DEBUG io.netty.util.NetUtil - -Djava.net.preferIPv6Addresses: false
2024-06-30 16:01:38.462 [main] DEBUG io.netty.util.NetUtil - Loopback interface: lo0 (lo0, 0:0:0:0:0:0:0:1%lo0)
2024-06-30 16:01:38.463 [main] DEBUG io.netty.util.NetUtil - Failed to get SOMAXCONN from sysctl and file /proc/sys/net/core/somaxconn. Default: 128
2024-06-30 16:01:38.467 [main] DEBUG io.netty.channel.DefaultChannelId - -Dio.netty.machineId: 38:f9:d3:ff:fe:e2:eb:e9 (auto-detected)
2024-06-30 16:01:38.531 [main] DEBUG io.netty.buffer.ByteBufUtil - -Dio.netty.allocator.type: pooled
2024-06-30 16:01:38.533 [main] DEBUG io.netty.buffer.ByteBufUtil - -Dio.netty.threadLocalDirectBufferSize: 0
2024-06-30 16:01:38.533 [main] DEBUG io.netty.buffer.ByteBufUtil - -Dio.netty.maxThreadLocalCharBufferSize: 16384
2024-06-30 16:01:38.670 [nioEventLoopGroup-2-1] INFO  io.netty.handler.logging.LoggingHandler - [id: 0x38b1f329] REGISTERED
2024-06-30 16:01:38.678 [nioEventLoopGroup-2-1] INFO  io.netty.handler.logging.LoggingHandler - [id: 0x38b1f329] BIND: 0.0.0.0/0.0.0.0:18730
2024-06-30 16:01:38.687 [nioEventLoopGroup-2-1] INFO  io.netty.handler.logging.LoggingHandler - [id: 0x38b1f329, L:/0:0:0:0:0:0:0:0:18730] ACTIVE
2024-06-30 16:02:21.757 [main] DEBUG io.netty.util.internal.logging.InternalLoggerFactory - Using SLF4J as the default logging framework
2024-06-30 16:02:21.851 [main] DEBUG io.netty.channel.MultithreadEventLoopGroup - -Dio.netty.eventLoopThreads: 8
2024-06-30 16:02:21.880 [main] DEBUG io.netty.util.internal.InternalThreadLocalMap - -Dio.netty.threadLocalMap.stringBuilder.initialSize: 1024
2024-06-30 16:02:21.881 [main] DEBUG io.netty.util.internal.InternalThreadLocalMap - -Dio.netty.threadLocalMap.stringBuilder.maxSize: 4096
2024-06-30 16:02:21.896 [main] DEBUG io.netty.channel.nio.NioEventLoop - -Dio.netty.noKeySetOptimization: false
2024-06-30 16:02:21.896 [main] DEBUG io.netty.channel.nio.NioEventLoop - -Dio.netty.selectorAutoRebuildThreshold: 512
2024-06-30 16:02:21.956 [main] DEBUG io.netty.util.internal.PlatformDependent - Platform: MacOS
2024-06-30 16:02:21.963 [main] DEBUG io.netty.util.internal.PlatformDependent0 - -Dio.netty.noUnsafe: false
2024-06-30 16:02:21.963 [main] DEBUG io.netty.util.internal.PlatformDependent0 - Java version: 8
2024-06-30 16:02:21.968 [main] DEBUG io.netty.util.internal.PlatformDependent0 - sun.misc.Unsafe.theUnsafe: available
2024-06-30 16:02:21.972 [main] DEBUG io.netty.util.internal.PlatformDependent0 - sun.misc.Unsafe.copyMemory: available
2024-06-30 16:02:21.973 [main] DEBUG io.netty.util.internal.PlatformDependent0 - java.nio.Buffer.address: available
2024-06-30 16:02:21.974 [main] DEBUG io.netty.util.internal.PlatformDependent0 - direct buffer constructor: available
2024-06-30 16:02:21.975 [main] DEBUG io.netty.util.internal.PlatformDependent0 - java.nio.Bits.unaligned: available, true
2024-06-30 16:02:21.975 [main] DEBUG io.netty.util.internal.PlatformDependent0 - jdk.internal.misc.Unsafe.allocateUninitializedArray(int): unavailable prior to Java9
2024-06-30 16:02:21.975 [main] DEBUG io.netty.util.internal.PlatformDependent0 - java.nio.DirectByteBuffer.<init>(long, int): available
2024-06-30 16:02:21.975 [main] DEBUG io.netty.util.internal.PlatformDependent - sun.misc.Unsafe: available
2024-06-30 16:02:21.976 [main] DEBUG io.netty.util.internal.PlatformDependent - -Dio.netty.tmpdir: /var/folders/sv/j7d3ylt55ml1ppnlw1qrx09c0000gn/T (java.io.tmpdir)
2024-06-30 16:02:21.977 [main] DEBUG io.netty.util.internal.PlatformDependent - -Dio.netty.bitMode: 64 (sun.arch.data.model)
2024-06-30 16:02:21.979 [main] DEBUG io.netty.util.internal.PlatformDependent - -Dio.netty.maxDirectMemory: 1908932608 bytes
2024-06-30 16:02:21.979 [main] DEBUG io.netty.util.internal.PlatformDependent - -Dio.netty.uninitializedArrayAllocationThreshold: -1
2024-06-30 16:02:21.983 [main] DEBUG io.netty.util.internal.CleanerJava6 - java.nio.ByteBuffer.cleaner(): available
2024-06-30 16:02:21.983 [main] DEBUG io.netty.util.internal.PlatformDependent - -Dio.netty.noPreferDirect: false
2024-06-30 16:02:22.012 [main] DEBUG io.netty.util.internal.PlatformDependent - org.jctools-core.MpscChunkedArrayQueue: available
2024-06-30 16:02:22.153 [main] DEBUG io.netty.util.ResourceLeakDetector - -Dio.netty.leakDetection.level: simple
2024-06-30 16:02:22.153 [main] DEBUG io.netty.util.ResourceLeakDetector - -Dio.netty.leakDetection.targetRecords: 4
2024-06-30 16:02:22.158 [main] DEBUG io.netty.buffer.PooledByteBufAllocator - -Dio.netty.allocator.numHeapArenas: 8
2024-06-30 16:02:22.158 [main] DEBUG io.netty.buffer.PooledByteBufAllocator - -Dio.netty.allocator.numDirectArenas: 8
2024-06-30 16:02:22.158 [main] DEBUG io.netty.buffer.PooledByteBufAllocator - -Dio.netty.allocator.pageSize: 8192
2024-06-30 16:02:22.158 [main] DEBUG io.netty.buffer.PooledByteBufAllocator - -Dio.netty.allocator.maxOrder: 11
2024-06-30 16:02:22.158 [main] DEBUG io.netty.buffer.PooledByteBufAllocator - -Dio.netty.allocator.chunkSize: 16777216
2024-06-30 16:02:22.159 [main] DEBUG io.netty.buffer.PooledByteBufAllocator - -Dio.netty.allocator.smallCacheSize: 256
2024-06-30 16:02:22.159 [main] DEBUG io.netty.buffer.PooledByteBufAllocator - -Dio.netty.allocator.normalCacheSize: 64
2024-06-30 16:02:22.159 [main] DEBUG io.netty.buffer.PooledByteBufAllocator - -Dio.netty.allocator.maxCachedBufferCapacity: 32768
2024-06-30 16:02:22.159 [main] DEBUG io.netty.buffer.PooledByteBufAllocator - -Dio.netty.allocator.cacheTrimInterval: 8192
2024-06-30 16:02:22.159 [main] DEBUG io.netty.buffer.PooledByteBufAllocator - -Dio.netty.allocator.cacheTrimIntervalMillis: 0
2024-06-30 16:02:22.159 [main] DEBUG io.netty.buffer.PooledByteBufAllocator - -Dio.netty.allocator.useCacheForAllThreads: true
2024-06-30 16:02:22.159 [main] DEBUG io.netty.buffer.PooledByteBufAllocator - -Dio.netty.allocator.maxCachedByteBuffersPerChunk: 1023
2024-06-30 16:02:22.206 [main] DEBUG io.netty.channel.DefaultChannelId - -Dio.netty.processId: 79537 (auto-detected)
2024-06-30 16:02:22.211 [main] DEBUG io.netty.util.NetUtil - -Djava.net.preferIPv4Stack: false
2024-06-30 16:02:22.211 [main] DEBUG io.netty.util.NetUtil - -Djava.net.preferIPv6Addresses: false
2024-06-30 16:02:22.216 [main] DEBUG io.netty.util.NetUtil - Loopback interface: lo0 (lo0, 0:0:0:0:0:0:0:1%lo0)
2024-06-30 16:02:22.217 [main] DEBUG io.netty.util.NetUtil - Failed to get SOMAXCONN from sysctl and file /proc/sys/net/core/somaxconn. Default: 128
2024-06-30 16:02:22.221 [main] DEBUG io.netty.channel.DefaultChannelId - -Dio.netty.machineId: 38:f9:d3:ff:fe:e2:eb:e9 (auto-detected)
2024-06-30 16:02:22.266 [main] DEBUG io.netty.buffer.ByteBufUtil - -Dio.netty.allocator.type: pooled
2024-06-30 16:02:22.266 [main] DEBUG io.netty.buffer.ByteBufUtil - -Dio.netty.threadLocalDirectBufferSize: 0
2024-06-30 16:02:22.266 [main] DEBUG io.netty.buffer.ByteBufUtil - -Dio.netty.maxThreadLocalCharBufferSize: 16384
2024-06-30 16:02:22.316 [nioEventLoopGroup-2-1] INFO  io.netty.handler.logging.LoggingHandler - [id: 0x459bc2ac] REGISTERED
2024-06-30 16:02:22.319 [nioEventLoopGroup-2-1] INFO  io.netty.handler.logging.LoggingHandler - [id: 0x459bc2ac] BIND: 0.0.0.0/0.0.0.0:18730
2024-06-30 16:02:22.325 [nioEventLoopGroup-2-1] INFO  io.netty.handler.logging.LoggingHandler - [id: 0x459bc2ac, L:/0:0:0:0:0:0:0:0:18730] ACTIVE
