2024-06-27 17:53:20.966 [nioEventLoopGroup-2-1] INFO  io.netty.handler.logging.LoggingHandler - [id: 0x3e5411b2] REGISTERED
2024-06-27 17:53:20.968 [nioEventLoopGroup-2-1] INFO  io.netty.handler.logging.LoggingHandler - [id: 0x3e5411b2] BIND: 0.0.0.0/0.0.0.0:9000
2024-06-27 17:53:20.971 [nioEventLoopGroup-2-1] INFO  io.netty.handler.logging.LoggingHandler - [id: 0x3e5411b2, L:/0:0:0:0:0:0:0:0:9000] ACTIVE
2024-06-27 17:53:38.983 [main] DEBUG io.netty.util.internal.logging.InternalLoggerFactory - Using SLF4J as the default logging framework
2024-06-27 17:53:38.998 [main] DEBUG io.netty.channel.MultithreadEventLoopGroup - -Dio.netty.eventLoopThreads: 8
2024-06-27 17:53:39.021 [main] DEBUG io.netty.util.internal.InternalThreadLocalMap - -Dio.netty.threadLocalMap.stringBuilder.initialSize: 1024
2024-06-27 17:53:39.021 [main] DEBUG io.netty.util.internal.InternalThreadLocalMap - -Dio.netty.threadLocalMap.stringBuilder.maxSize: 4096
2024-06-27 17:53:39.031 [main] DEBUG io.netty.channel.nio.NioEventLoop - -Dio.netty.noKeySetOptimization: false
2024-06-27 17:53:39.031 [main] DEBUG io.netty.channel.nio.NioEventLoop - -Dio.netty.selectorAutoRebuildThreshold: 512
2024-06-27 17:53:39.080 [main] DEBUG io.netty.util.internal.PlatformDependent - Platform: MacOS
2024-06-27 17:53:39.082 [main] DEBUG io.netty.util.internal.PlatformDependent0 - -Dio.netty.noUnsafe: false
2024-06-27 17:53:39.082 [main] DEBUG io.netty.util.internal.PlatformDependent0 - Java version: 8
2024-06-27 17:53:39.083 [main] DEBUG io.netty.util.internal.PlatformDependent0 - sun.misc.Unsafe.theUnsafe: available
2024-06-27 17:53:39.084 [main] DEBUG io.netty.util.internal.PlatformDependent0 - sun.misc.Unsafe.copyMemory: available
2024-06-27 17:53:39.085 [main] DEBUG io.netty.util.internal.PlatformDependent0 - java.nio.Buffer.address: available
2024-06-27 17:53:39.085 [main] DEBUG io.netty.util.internal.PlatformDependent0 - direct buffer constructor: available
2024-06-27 17:53:39.086 [main] DEBUG io.netty.util.internal.PlatformDependent0 - java.nio.Bits.unaligned: available, true
2024-06-27 17:53:39.086 [main] DEBUG io.netty.util.internal.PlatformDependent0 - jdk.internal.misc.Unsafe.allocateUninitializedArray(int): unavailable prior to Java9
2024-06-27 17:53:39.086 [main] DEBUG io.netty.util.internal.PlatformDependent0 - java.nio.DirectByteBuffer.<init>(long, int): available
2024-06-27 17:53:39.086 [main] DEBUG io.netty.util.internal.PlatformDependent - sun.misc.Unsafe: available
2024-06-27 17:53:39.087 [main] DEBUG io.netty.util.internal.PlatformDependent - -Dio.netty.tmpdir: /var/folders/sv/j7d3ylt55ml1ppnlw1qrx09c0000gn/T (java.io.tmpdir)
2024-06-27 17:53:39.087 [main] DEBUG io.netty.util.internal.PlatformDependent - -Dio.netty.bitMode: 64 (sun.arch.data.model)
2024-06-27 17:53:39.088 [main] DEBUG io.netty.util.internal.PlatformDependent - -Dio.netty.maxDirectMemory: 1908932608 bytes
2024-06-27 17:53:39.088 [main] DEBUG io.netty.util.internal.PlatformDependent - -Dio.netty.uninitializedArrayAllocationThreshold: -1
2024-06-27 17:53:39.089 [main] DEBUG io.netty.util.internal.CleanerJava6 - java.nio.ByteBuffer.cleaner(): available
2024-06-27 17:53:39.089 [main] DEBUG io.netty.util.internal.PlatformDependent - -Dio.netty.noPreferDirect: false
2024-06-27 17:53:39.102 [main] DEBUG io.netty.util.internal.PlatformDependent - org.jctools-core.MpscChunkedArrayQueue: available
2024-06-27 17:53:39.157 [main] DEBUG io.netty.util.ResourceLeakDetector - -Dio.netty.leakDetection.level: simple
2024-06-27 17:53:39.157 [main] DEBUG io.netty.util.ResourceLeakDetector - -Dio.netty.leakDetection.targetRecords: 4
2024-06-27 17:53:39.160 [main] DEBUG io.netty.buffer.PooledByteBufAllocator - -Dio.netty.allocator.numHeapArenas: 8
2024-06-27 17:53:39.160 [main] DEBUG io.netty.buffer.PooledByteBufAllocator - -Dio.netty.allocator.numDirectArenas: 8
2024-06-27 17:53:39.160 [main] DEBUG io.netty.buffer.PooledByteBufAllocator - -Dio.netty.allocator.pageSize: 8192
2024-06-27 17:53:39.161 [main] DEBUG io.netty.buffer.PooledByteBufAllocator - -Dio.netty.allocator.maxOrder: 11
2024-06-27 17:53:39.161 [main] DEBUG io.netty.buffer.PooledByteBufAllocator - -Dio.netty.allocator.chunkSize: 16777216
2024-06-27 17:53:39.161 [main] DEBUG io.netty.buffer.PooledByteBufAllocator - -Dio.netty.allocator.tinyCacheSize: 512
2024-06-27 17:53:39.161 [main] DEBUG io.netty.buffer.PooledByteBufAllocator - -Dio.netty.allocator.smallCacheSize: 256
2024-06-27 17:53:39.161 [main] DEBUG io.netty.buffer.PooledByteBufAllocator - -Dio.netty.allocator.normalCacheSize: 64
2024-06-27 17:53:39.161 [main] DEBUG io.netty.buffer.PooledByteBufAllocator - -Dio.netty.allocator.maxCachedBufferCapacity: 32768
2024-06-27 17:53:39.161 [main] DEBUG io.netty.buffer.PooledByteBufAllocator - -Dio.netty.allocator.cacheTrimInterval: 8192
2024-06-27 17:53:39.161 [main] DEBUG io.netty.buffer.PooledByteBufAllocator - -Dio.netty.allocator.cacheTrimIntervalMillis: 0
2024-06-27 17:53:39.162 [main] DEBUG io.netty.buffer.PooledByteBufAllocator - -Dio.netty.allocator.useCacheForAllThreads: true
2024-06-27 17:53:39.162 [main] DEBUG io.netty.buffer.PooledByteBufAllocator - -Dio.netty.allocator.maxCachedByteBuffersPerChunk: 1023
2024-06-27 17:53:39.184 [main] DEBUG io.netty.channel.DefaultChannelId - -Dio.netty.processId: 19509 (auto-detected)
2024-06-27 17:53:39.189 [main] DEBUG io.netty.util.NetUtil - -Djava.net.preferIPv4Stack: false
2024-06-27 17:53:39.189 [main] DEBUG io.netty.util.NetUtil - -Djava.net.preferIPv6Addresses: false
2024-06-27 17:53:39.197 [main] DEBUG io.netty.util.NetUtil - Loopback interface: lo0 (lo0, 0:0:0:0:0:0:0:1%lo0)
2024-06-27 17:53:39.198 [main] DEBUG io.netty.util.NetUtil - Failed to get SOMAXCONN from sysctl and file /proc/sys/net/core/somaxconn. Default: 128
2024-06-27 17:53:39.201 [main] DEBUG io.netty.channel.DefaultChannelId - -Dio.netty.machineId: 38:f9:d3:ff:fe:e2:eb:e9 (auto-detected)
2024-06-27 17:53:39.242 [main] DEBUG io.netty.buffer.ByteBufUtil - -Dio.netty.allocator.type: pooled
2024-06-27 17:53:39.242 [main] DEBUG io.netty.buffer.ByteBufUtil - -Dio.netty.threadLocalDirectBufferSize: 0
2024-06-27 17:53:39.242 [main] DEBUG io.netty.buffer.ByteBufUtil - -Dio.netty.maxThreadLocalCharBufferSize: 16384
2024-06-27 17:53:39.278 [nioEventLoopGroup-2-1] INFO  io.netty.handler.logging.LoggingHandler - [id: 0x27563b70] REGISTERED
2024-06-27 17:53:39.281 [nioEventLoopGroup-2-1] INFO  io.netty.handler.logging.LoggingHandler - [id: 0x27563b70] BIND: 0.0.0.0/0.0.0.0:9000
2024-06-27 17:53:39.288 [nioEventLoopGroup-2-1] INFO  io.netty.handler.logging.LoggingHandler - [id: 0x27563b70, L:/0:0:0:0:0:0:0:0:9000] ACTIVE
2024-06-27 18:11:41.096 [Thread-3] WARN  com.alibaba.nacos.common.http.HttpClientBeanHolder - [HttpClientBeanHolder] Start destroying common HttpClient
2024-06-27 18:14:29.294 [main] DEBUG io.netty.util.internal.logging.InternalLoggerFactory - Using SLF4J as the default logging framework
2024-06-27 18:14:29.315 [main] DEBUG io.netty.channel.MultithreadEventLoopGroup - -Dio.netty.eventLoopThreads: 8
2024-06-27 18:14:29.350 [main] DEBUG io.netty.util.internal.InternalThreadLocalMap - -Dio.netty.threadLocalMap.stringBuilder.initialSize: 1024
2024-06-27 18:14:29.350 [main] DEBUG io.netty.util.internal.InternalThreadLocalMap - -Dio.netty.threadLocalMap.stringBuilder.maxSize: 4096
2024-06-27 18:14:29.414 [main] DEBUG io.netty.channel.nio.NioEventLoop - -Dio.netty.noKeySetOptimization: false
2024-06-27 18:14:29.416 [main] DEBUG io.netty.channel.nio.NioEventLoop - -Dio.netty.selectorAutoRebuildThreshold: 512
2024-06-27 18:14:29.435 [main] DEBUG io.netty.util.internal.PlatformDependent - Platform: MacOS
2024-06-27 18:14:29.437 [main] DEBUG io.netty.util.internal.PlatformDependent0 - -Dio.netty.noUnsafe: false
2024-06-27 18:14:29.437 [main] DEBUG io.netty.util.internal.PlatformDependent0 - Java version: 8
2024-06-27 18:14:29.439 [main] DEBUG io.netty.util.internal.PlatformDependent0 - sun.misc.Unsafe.theUnsafe: available
2024-06-27 18:14:29.439 [main] DEBUG io.netty.util.internal.PlatformDependent0 - sun.misc.Unsafe.copyMemory: available
2024-06-27 18:14:29.440 [main] DEBUG io.netty.util.internal.PlatformDependent0 - java.nio.Buffer.address: available
2024-06-27 18:14:29.440 [main] DEBUG io.netty.util.internal.PlatformDependent0 - direct buffer constructor: available
2024-06-27 18:14:29.441 [main] DEBUG io.netty.util.internal.PlatformDependent0 - java.nio.Bits.unaligned: available, true
2024-06-27 18:14:29.441 [main] DEBUG io.netty.util.internal.PlatformDependent0 - jdk.internal.misc.Unsafe.allocateUninitializedArray(int): unavailable prior to Java9
2024-06-27 18:14:29.441 [main] DEBUG io.netty.util.internal.PlatformDependent0 - java.nio.DirectByteBuffer.<init>(long, int): available
2024-06-27 18:14:29.442 [main] DEBUG io.netty.util.internal.PlatformDependent - sun.misc.Unsafe: available
2024-06-27 18:14:29.442 [main] DEBUG io.netty.util.internal.PlatformDependent - -Dio.netty.tmpdir: /var/folders/sv/j7d3ylt55ml1ppnlw1qrx09c0000gn/T (java.io.tmpdir)
2024-06-27 18:14:29.442 [main] DEBUG io.netty.util.internal.PlatformDependent - -Dio.netty.bitMode: 64 (sun.arch.data.model)
2024-06-27 18:14:29.443 [main] DEBUG io.netty.util.internal.PlatformDependent - -Dio.netty.maxDirectMemory: 1908932608 bytes
2024-06-27 18:14:29.443 [main] DEBUG io.netty.util.internal.PlatformDependent - -Dio.netty.uninitializedArrayAllocationThreshold: -1
2024-06-27 18:14:29.444 [main] DEBUG io.netty.util.internal.CleanerJava6 - java.nio.ByteBuffer.cleaner(): available
2024-06-27 18:14:29.445 [main] DEBUG io.netty.util.internal.PlatformDependent - -Dio.netty.noPreferDirect: false
2024-06-27 18:14:29.453 [main] DEBUG io.netty.util.internal.PlatformDependent - org.jctools-core.MpscChunkedArrayQueue: available
2024-06-27 18:14:29.504 [main] DEBUG io.netty.util.ResourceLeakDetector - -Dio.netty.leakDetection.level: simple
2024-06-27 18:14:29.505 [main] DEBUG io.netty.util.ResourceLeakDetector - -Dio.netty.leakDetection.targetRecords: 4
2024-06-27 18:14:29.508 [main] DEBUG io.netty.buffer.PooledByteBufAllocator - -Dio.netty.allocator.numHeapArenas: 8
2024-06-27 18:14:29.508 [main] DEBUG io.netty.buffer.PooledByteBufAllocator - -Dio.netty.allocator.numDirectArenas: 8
2024-06-27 18:14:29.509 [main] DEBUG io.netty.buffer.PooledByteBufAllocator - -Dio.netty.allocator.pageSize: 8192
2024-06-27 18:14:29.509 [main] DEBUG io.netty.buffer.PooledByteBufAllocator - -Dio.netty.allocator.maxOrder: 11
2024-06-27 18:14:29.509 [main] DEBUG io.netty.buffer.PooledByteBufAllocator - -Dio.netty.allocator.chunkSize: 16777216
2024-06-27 18:14:29.509 [main] DEBUG io.netty.buffer.PooledByteBufAllocator - -Dio.netty.allocator.smallCacheSize: 256
2024-06-27 18:14:29.510 [main] DEBUG io.netty.buffer.PooledByteBufAllocator - -Dio.netty.allocator.normalCacheSize: 64
2024-06-27 18:14:29.510 [main] DEBUG io.netty.buffer.PooledByteBufAllocator - -Dio.netty.allocator.maxCachedBufferCapacity: 32768
2024-06-27 18:14:29.510 [main] DEBUG io.netty.buffer.PooledByteBufAllocator - -Dio.netty.allocator.cacheTrimInterval: 8192
2024-06-27 18:14:29.510 [main] DEBUG io.netty.buffer.PooledByteBufAllocator - -Dio.netty.allocator.cacheTrimIntervalMillis: 0
2024-06-27 18:14:29.510 [main] DEBUG io.netty.buffer.PooledByteBufAllocator - -Dio.netty.allocator.useCacheForAllThreads: true
2024-06-27 18:14:29.511 [main] DEBUG io.netty.buffer.PooledByteBufAllocator - -Dio.netty.allocator.maxCachedByteBuffersPerChunk: 1023
2024-06-27 18:14:29.546 [main] DEBUG io.netty.channel.DefaultChannelId - -Dio.netty.processId: 20000 (auto-detected)
2024-06-27 18:14:29.550 [main] DEBUG io.netty.util.NetUtil - -Djava.net.preferIPv4Stack: false
2024-06-27 18:14:29.550 [main] DEBUG io.netty.util.NetUtil - -Djava.net.preferIPv6Addresses: false
2024-06-27 18:14:29.552 [main] DEBUG io.netty.util.NetUtil - Loopback interface: lo0 (lo0, 0:0:0:0:0:0:0:1%lo0)
2024-06-27 18:14:29.557 [main] DEBUG io.netty.util.NetUtil - Failed to get SOMAXCONN from sysctl and file /proc/sys/net/core/somaxconn. Default: 128
2024-06-27 18:14:29.564 [main] DEBUG io.netty.channel.DefaultChannelId - -Dio.netty.machineId: 38:f9:d3:ff:fe:e2:eb:e9 (auto-detected)
2024-06-27 18:14:29.607 [main] DEBUG io.netty.buffer.ByteBufUtil - -Dio.netty.allocator.type: pooled
2024-06-27 18:14:29.607 [main] DEBUG io.netty.buffer.ByteBufUtil - -Dio.netty.threadLocalDirectBufferSize: 0
2024-06-27 18:14:29.607 [main] DEBUG io.netty.buffer.ByteBufUtil - -Dio.netty.maxThreadLocalCharBufferSize: 16384
2024-06-27 18:14:29.638 [nioEventLoopGroup-2-1] INFO  io.netty.handler.logging.LoggingHandler - [id: 0x04159f0d] REGISTERED
2024-06-27 18:14:29.640 [nioEventLoopGroup-2-1] INFO  io.netty.handler.logging.LoggingHandler - [id: 0x04159f0d] BIND: 0.0.0.0/0.0.0.0:9000
2024-06-27 18:14:29.643 [nioEventLoopGroup-2-1] INFO  io.netty.handler.logging.LoggingHandler - [id: 0x04159f0d, L:/0:0:0:0:0:0:0:0:9000] ACTIVE
2024-06-27 18:40:35.689 [Thread-3] WARN  com.alibaba.nacos.common.http.HttpClientBeanHolder - [HttpClientBeanHolder] Start destroying common HttpClient
2024-06-27 18:41:22.428 [main] DEBUG io.netty.util.internal.logging.InternalLoggerFactory - Using SLF4J as the default logging framework
2024-06-27 18:41:22.449 [main] DEBUG io.netty.channel.MultithreadEventLoopGroup - -Dio.netty.eventLoopThreads: 8
2024-06-27 18:41:22.478 [main] DEBUG io.netty.util.internal.InternalThreadLocalMap - -Dio.netty.threadLocalMap.stringBuilder.initialSize: 1024
2024-06-27 18:41:22.478 [main] DEBUG io.netty.util.internal.InternalThreadLocalMap - -Dio.netty.threadLocalMap.stringBuilder.maxSize: 4096
2024-06-27 18:41:22.552 [main] DEBUG io.netty.channel.nio.NioEventLoop - -Dio.netty.noKeySetOptimization: false
2024-06-27 18:41:22.553 [main] DEBUG io.netty.channel.nio.NioEventLoop - -Dio.netty.selectorAutoRebuildThreshold: 512
2024-06-27 18:41:22.601 [main] DEBUG io.netty.util.internal.PlatformDependent - Platform: MacOS
2024-06-27 18:41:22.608 [main] DEBUG io.netty.util.internal.PlatformDependent0 - -Dio.netty.noUnsafe: false
2024-06-27 18:41:22.608 [main] DEBUG io.netty.util.internal.PlatformDependent0 - Java version: 8
2024-06-27 18:41:22.610 [main] DEBUG io.netty.util.internal.PlatformDependent0 - sun.misc.Unsafe.theUnsafe: available
2024-06-27 18:41:22.611 [main] DEBUG io.netty.util.internal.PlatformDependent0 - sun.misc.Unsafe.copyMemory: available
2024-06-27 18:41:22.611 [main] DEBUG io.netty.util.internal.PlatformDependent0 - java.nio.Buffer.address: available
2024-06-27 18:41:22.612 [main] DEBUG io.netty.util.internal.PlatformDependent0 - direct buffer constructor: available
2024-06-27 18:41:22.614 [main] DEBUG io.netty.util.internal.PlatformDependent0 - java.nio.Bits.unaligned: available, true
2024-06-27 18:41:22.614 [main] DEBUG io.netty.util.internal.PlatformDependent0 - jdk.internal.misc.Unsafe.allocateUninitializedArray(int): unavailable prior to Java9
2024-06-27 18:41:22.615 [main] DEBUG io.netty.util.internal.PlatformDependent0 - java.nio.DirectByteBuffer.<init>(long, int): available
2024-06-27 18:41:22.615 [main] DEBUG io.netty.util.internal.PlatformDependent - sun.misc.Unsafe: available
2024-06-27 18:41:22.615 [main] DEBUG io.netty.util.internal.PlatformDependent - -Dio.netty.tmpdir: /var/folders/sv/j7d3ylt55ml1ppnlw1qrx09c0000gn/T (java.io.tmpdir)
2024-06-27 18:41:22.616 [main] DEBUG io.netty.util.internal.PlatformDependent - -Dio.netty.bitMode: 64 (sun.arch.data.model)
2024-06-27 18:41:22.617 [main] DEBUG io.netty.util.internal.PlatformDependent - -Dio.netty.maxDirectMemory: 1908932608 bytes
2024-06-27 18:41:22.617 [main] DEBUG io.netty.util.internal.PlatformDependent - -Dio.netty.uninitializedArrayAllocationThreshold: -1
2024-06-27 18:41:22.619 [main] DEBUG io.netty.util.internal.CleanerJava6 - java.nio.ByteBuffer.cleaner(): available
2024-06-27 18:41:22.619 [main] DEBUG io.netty.util.internal.PlatformDependent - -Dio.netty.noPreferDirect: false
2024-06-27 18:41:22.631 [main] DEBUG io.netty.util.internal.PlatformDependent - org.jctools-core.MpscChunkedArrayQueue: available
2024-06-27 18:41:22.721 [main] DEBUG io.netty.util.ResourceLeakDetector - -Dio.netty.leakDetection.level: simple
2024-06-27 18:41:22.722 [main] DEBUG io.netty.util.ResourceLeakDetector - -Dio.netty.leakDetection.targetRecords: 4
2024-06-27 18:41:22.729 [main] DEBUG io.netty.buffer.PooledByteBufAllocator - -Dio.netty.allocator.numHeapArenas: 8
2024-06-27 18:41:22.730 [main] DEBUG io.netty.buffer.PooledByteBufAllocator - -Dio.netty.allocator.numDirectArenas: 8
2024-06-27 18:41:22.731 [main] DEBUG io.netty.buffer.PooledByteBufAllocator - -Dio.netty.allocator.pageSize: 8192
2024-06-27 18:41:22.731 [main] DEBUG io.netty.buffer.PooledByteBufAllocator - -Dio.netty.allocator.maxOrder: 11
2024-06-27 18:41:22.732 [main] DEBUG io.netty.buffer.PooledByteBufAllocator - -Dio.netty.allocator.chunkSize: 16777216
2024-06-27 18:41:22.732 [main] DEBUG io.netty.buffer.PooledByteBufAllocator - -Dio.netty.allocator.smallCacheSize: 256
2024-06-27 18:41:22.733 [main] DEBUG io.netty.buffer.PooledByteBufAllocator - -Dio.netty.allocator.normalCacheSize: 64
2024-06-27 18:41:22.733 [main] DEBUG io.netty.buffer.PooledByteBufAllocator - -Dio.netty.allocator.maxCachedBufferCapacity: 32768
2024-06-27 18:41:22.734 [main] DEBUG io.netty.buffer.PooledByteBufAllocator - -Dio.netty.allocator.cacheTrimInterval: 8192
2024-06-27 18:41:22.734 [main] DEBUG io.netty.buffer.PooledByteBufAllocator - -Dio.netty.allocator.cacheTrimIntervalMillis: 0
2024-06-27 18:41:22.734 [main] DEBUG io.netty.buffer.PooledByteBufAllocator - -Dio.netty.allocator.useCacheForAllThreads: true
2024-06-27 18:41:22.734 [main] DEBUG io.netty.buffer.PooledByteBufAllocator - -Dio.netty.allocator.maxCachedByteBuffersPerChunk: 1023
2024-06-27 18:41:22.791 [main] DEBUG io.netty.channel.DefaultChannelId - -Dio.netty.processId: 20942 (auto-detected)
2024-06-27 18:41:22.795 [main] DEBUG io.netty.util.NetUtil - -Djava.net.preferIPv4Stack: false
2024-06-27 18:41:22.795 [main] DEBUG io.netty.util.NetUtil - -Djava.net.preferIPv6Addresses: false
2024-06-27 18:41:22.798 [main] DEBUG io.netty.util.NetUtil - Loopback interface: lo0 (lo0, 0:0:0:0:0:0:0:1%lo0)
2024-06-27 18:41:22.798 [main] DEBUG io.netty.util.NetUtil - Failed to get SOMAXCONN from sysctl and file /proc/sys/net/core/somaxconn. Default: 128
2024-06-27 18:41:22.801 [main] DEBUG io.netty.channel.DefaultChannelId - -Dio.netty.machineId: 38:f9:d3:ff:fe:e2:eb:e9 (auto-detected)
2024-06-27 18:41:22.836 [main] DEBUG io.netty.buffer.ByteBufUtil - -Dio.netty.allocator.type: pooled
2024-06-27 18:41:22.836 [main] DEBUG io.netty.buffer.ByteBufUtil - -Dio.netty.threadLocalDirectBufferSize: 0
2024-06-27 18:41:22.837 [main] DEBUG io.netty.buffer.ByteBufUtil - -Dio.netty.maxThreadLocalCharBufferSize: 16384
2024-06-27 18:41:22.866 [nioEventLoopGroup-2-1] INFO  io.netty.handler.logging.LoggingHandler - [id: 0x138dadd3] REGISTERED
2024-06-27 18:41:22.871 [nioEventLoopGroup-2-1] INFO  io.netty.handler.logging.LoggingHandler - [id: 0x138dadd3] BIND: 0.0.0.0/0.0.0.0:9000
2024-06-27 18:41:22.876 [nioEventLoopGroup-2-1] INFO  io.netty.handler.logging.LoggingHandler - [id: 0x138dadd3, L:/0:0:0:0:0:0:0:0:9000] ACTIVE
2024-06-27 18:42:49.042 [nioEventLoopGroup-2-1] INFO  io.netty.handler.logging.LoggingHandler - [id: 0x138dadd3, L:/0:0:0:0:0:0:0:0:9000] READ: [id: 0x5f1164d0, L:/192.168.1.6:9000 - R:/192.168.1.6:61997]
2024-06-27 18:42:49.046 [nioEventLoopGroup-2-1] WARN  io.netty.bootstrap.ServerBootstrap - Unknown channel option 'SO_TIMEOUT' for channel '[id: 0x5f1164d0, L:/192.168.1.6:9000 - R:/192.168.1.6:61997]'
2024-06-27 18:42:49.049 [nioEventLoopGroup-2-1] INFO  io.netty.handler.logging.LoggingHandler - [id: 0x138dadd3, L:/0:0:0:0:0:0:0:0:9000] READ COMPLETE
2024-06-27 18:42:49.069 [nioEventLoopGroup-3-1] DEBUG io.netty.util.Recycler - -Dio.netty.recycler.maxCapacityPerThread: 4096
2024-06-27 18:42:49.070 [nioEventLoopGroup-3-1] DEBUG io.netty.util.Recycler - -Dio.netty.recycler.maxSharedCapacityFactor: 2
2024-06-27 18:42:49.070 [nioEventLoopGroup-3-1] DEBUG io.netty.util.Recycler - -Dio.netty.recycler.linkCapacity: 16
2024-06-27 18:42:49.070 [nioEventLoopGroup-3-1] DEBUG io.netty.util.Recycler - -Dio.netty.recycler.ratio: 8
2024-06-27 18:42:49.071 [nioEventLoopGroup-3-1] DEBUG io.netty.util.Recycler - -Dio.netty.recycler.delayedQueue.ratio: 8
2024-06-27 18:42:49.083 [nioEventLoopGroup-3-1] DEBUG io.netty.buffer.AbstractByteBuf - -Dio.netty.buffer.checkAccessible: true
2024-06-27 18:42:49.083 [nioEventLoopGroup-3-1] DEBUG io.netty.buffer.AbstractByteBuf - -Dio.netty.buffer.checkBounds: true
2024-06-27 18:42:49.085 [nioEventLoopGroup-3-1] DEBUG io.netty.util.ResourceLeakDetectorFactory - Loaded default ResourceLeakDetector: io.netty.util.ResourceLeakDetector@628f6535
2024-06-27 18:42:49.625 [nioEventLoopGroup-2-1] INFO  io.netty.handler.logging.LoggingHandler - [id: 0x138dadd3, L:/0:0:0:0:0:0:0:0:9000] READ: [id: 0x59191a15, L:/192.168.1.6:9000 - R:/192.168.1.6:62007]
2024-06-27 18:42:49.626 [nioEventLoopGroup-2-1] WARN  io.netty.bootstrap.ServerBootstrap - Unknown channel option 'SO_TIMEOUT' for channel '[id: 0x59191a15, L:/192.168.1.6:9000 - R:/192.168.1.6:62007]'
2024-06-27 18:42:49.626 [nioEventLoopGroup-2-1] INFO  io.netty.handler.logging.LoggingHandler - [id: 0x138dadd3, L:/0:0:0:0:0:0:0:0:9000] READ COMPLETE
2024-06-27 18:47:03.294 [nioEventLoopGroup-2-1] INFO  io.netty.handler.logging.LoggingHandler - [id: 0x138dadd3, L:/0:0:0:0:0:0:0:0:9000] READ: [id: 0xfe9d2de4, L:/192.168.1.6:9000 - R:/192.168.1.6:62367]
2024-06-27 18:47:03.295 [nioEventLoopGroup-2-1] WARN  io.netty.bootstrap.ServerBootstrap - Unknown channel option 'SO_TIMEOUT' for channel '[id: 0xfe9d2de4, L:/192.168.1.6:9000 - R:/192.168.1.6:62367]'
2024-06-27 18:47:03.296 [nioEventLoopGroup-2-1] INFO  io.netty.handler.logging.LoggingHandler - [id: 0x138dadd3, L:/0:0:0:0:0:0:0:0:9000] READ COMPLETE
2024-06-27 18:47:03.683 [nioEventLoopGroup-2-1] INFO  io.netty.handler.logging.LoggingHandler - [id: 0x138dadd3, L:/0:0:0:0:0:0:0:0:9000] READ: [id: 0xfc46fcce, L:/192.168.1.6:9000 - R:/192.168.1.6:62368]
2024-06-27 18:47:03.683 [nioEventLoopGroup-2-1] WARN  io.netty.bootstrap.ServerBootstrap - Unknown channel option 'SO_TIMEOUT' for channel '[id: 0xfc46fcce, L:/192.168.1.6:9000 - R:/192.168.1.6:62368]'
2024-06-27 18:47:03.683 [nioEventLoopGroup-2-1] INFO  io.netty.handler.logging.LoggingHandler - [id: 0x138dadd3, L:/0:0:0:0:0:0:0:0:9000] READ COMPLETE
2024-06-27 19:17:32.377 [nioEventLoopGroup-2-1] INFO  io.netty.handler.logging.LoggingHandler - [id: 0x138dadd3, L:/0:0:0:0:0:0:0:0:9000] READ: [id: 0x9befde2b, L:/192.168.1.6:9000 - R:/192.168.1.6:49494]
2024-06-27 19:17:32.381 [nioEventLoopGroup-2-1] WARN  io.netty.bootstrap.ServerBootstrap - Unknown channel option 'SO_TIMEOUT' for channel '[id: 0x9befde2b, L:/192.168.1.6:9000 - R:/192.168.1.6:49494]'
2024-06-27 19:17:32.394 [nioEventLoopGroup-2-1] INFO  io.netty.handler.logging.LoggingHandler - [id: 0x138dadd3, L:/0:0:0:0:0:0:0:0:9000] READ COMPLETE
2024-06-27 19:17:32.779 [nioEventLoopGroup-2-1] INFO  io.netty.handler.logging.LoggingHandler - [id: 0x138dadd3, L:/0:0:0:0:0:0:0:0:9000] READ: [id: 0x07119ebe, L:/192.168.1.6:9000 - R:/192.168.1.6:49495]
2024-06-27 19:17:32.779 [nioEventLoopGroup-2-1] WARN  io.netty.bootstrap.ServerBootstrap - Unknown channel option 'SO_TIMEOUT' for channel '[id: 0x07119ebe, L:/192.168.1.6:9000 - R:/192.168.1.6:49495]'
2024-06-27 19:17:32.780 [nioEventLoopGroup-2-1] INFO  io.netty.handler.logging.LoggingHandler - [id: 0x138dadd3, L:/0:0:0:0:0:0:0:0:9000] READ COMPLETE
2024-06-27 19:22:58.296 [nioEventLoopGroup-2-1] INFO  io.netty.handler.logging.LoggingHandler - [id: 0x138dadd3, L:/0:0:0:0:0:0:0:0:9000] READ: [id: 0x8a4d7c0e, L:/192.168.1.6:9000 - R:/192.168.1.6:50002]
2024-06-27 19:22:58.299 [nioEventLoopGroup-2-1] WARN  io.netty.bootstrap.ServerBootstrap - Unknown channel option 'SO_TIMEOUT' for channel '[id: 0x8a4d7c0e, L:/192.168.1.6:9000 - R:/192.168.1.6:50002]'
2024-06-27 19:22:58.302 [nioEventLoopGroup-2-1] INFO  io.netty.handler.logging.LoggingHandler - [id: 0x138dadd3, L:/0:0:0:0:0:0:0:0:9000] READ COMPLETE
2024-06-27 19:22:58.660 [nioEventLoopGroup-2-1] INFO  io.netty.handler.logging.LoggingHandler - [id: 0x138dadd3, L:/0:0:0:0:0:0:0:0:9000] READ: [id: 0x10a6d8c8, L:/192.168.1.6:9000 - R:/192.168.1.6:50003]
2024-06-27 19:22:58.660 [nioEventLoopGroup-2-1] WARN  io.netty.bootstrap.ServerBootstrap - Unknown channel option 'SO_TIMEOUT' for channel '[id: 0x10a6d8c8, L:/192.168.1.6:9000 - R:/192.168.1.6:50003]'
2024-06-27 19:22:58.661 [nioEventLoopGroup-2-1] INFO  io.netty.handler.logging.LoggingHandler - [id: 0x138dadd3, L:/0:0:0:0:0:0:0:0:9000] READ COMPLETE
2024-06-27 21:59:55.233 [Thread-3] WARN  com.alibaba.nacos.common.http.HttpClientBeanHolder - [HttpClientBeanHolder] Start destroying common HttpClient
2024-06-27 21:59:55.414 [Thread-3] WARN  com.alibaba.nacos.common.http.HttpClientBeanHolder - [HttpClientBeanHolder] Destruction of the end
2024-06-27 22:01:11.053 [main] DEBUG io.netty.util.internal.logging.InternalLoggerFactory - Using SLF4J as the default logging framework
2024-06-27 22:01:11.126 [main] DEBUG io.netty.channel.MultithreadEventLoopGroup - -Dio.netty.eventLoopThreads: 8
2024-06-27 22:01:11.166 [main] DEBUG io.netty.util.internal.InternalThreadLocalMap - -Dio.netty.threadLocalMap.stringBuilder.initialSize: 1024
2024-06-27 22:01:11.167 [main] DEBUG io.netty.util.internal.InternalThreadLocalMap - -Dio.netty.threadLocalMap.stringBuilder.maxSize: 4096
2024-06-27 22:01:11.181 [main] DEBUG io.netty.channel.nio.NioEventLoop - -Dio.netty.noKeySetOptimization: false
2024-06-27 22:01:11.181 [main] DEBUG io.netty.channel.nio.NioEventLoop - -Dio.netty.selectorAutoRebuildThreshold: 512
2024-06-27 22:01:11.208 [main] DEBUG io.netty.util.internal.PlatformDependent - Platform: MacOS
2024-06-27 22:01:11.211 [main] DEBUG io.netty.util.internal.PlatformDependent0 - -Dio.netty.noUnsafe: false
2024-06-27 22:01:11.212 [main] DEBUG io.netty.util.internal.PlatformDependent0 - Java version: 8
2024-06-27 22:01:11.214 [main] DEBUG io.netty.util.internal.PlatformDependent0 - sun.misc.Unsafe.theUnsafe: available
2024-06-27 22:01:11.215 [main] DEBUG io.netty.util.internal.PlatformDependent0 - sun.misc.Unsafe.copyMemory: available
2024-06-27 22:01:11.216 [main] DEBUG io.netty.util.internal.PlatformDependent0 - java.nio.Buffer.address: available
2024-06-27 22:01:11.216 [main] DEBUG io.netty.util.internal.PlatformDependent0 - direct buffer constructor: available
2024-06-27 22:01:11.217 [main] DEBUG io.netty.util.internal.PlatformDependent0 - java.nio.Bits.unaligned: available, true
2024-06-27 22:01:11.217 [main] DEBUG io.netty.util.internal.PlatformDependent0 - jdk.internal.misc.Unsafe.allocateUninitializedArray(int): unavailable prior to Java9
2024-06-27 22:01:11.218 [main] DEBUG io.netty.util.internal.PlatformDependent0 - java.nio.DirectByteBuffer.<init>(long, int): available
2024-06-27 22:01:11.218 [main] DEBUG io.netty.util.internal.PlatformDependent - sun.misc.Unsafe: available
2024-06-27 22:01:11.218 [main] DEBUG io.netty.util.internal.PlatformDependent - -Dio.netty.tmpdir: /var/folders/sv/j7d3ylt55ml1ppnlw1qrx09c0000gn/T (java.io.tmpdir)
2024-06-27 22:01:11.219 [main] DEBUG io.netty.util.internal.PlatformDependent - -Dio.netty.bitMode: 64 (sun.arch.data.model)
2024-06-27 22:01:11.220 [main] DEBUG io.netty.util.internal.PlatformDependent - -Dio.netty.maxDirectMemory: 1908932608 bytes
2024-06-27 22:01:11.220 [main] DEBUG io.netty.util.internal.PlatformDependent - -Dio.netty.uninitializedArrayAllocationThreshold: -1
2024-06-27 22:01:11.222 [main] DEBUG io.netty.util.internal.CleanerJava6 - java.nio.ByteBuffer.cleaner(): available
2024-06-27 22:01:11.222 [main] DEBUG io.netty.util.internal.PlatformDependent - -Dio.netty.noPreferDirect: false
2024-06-27 22:01:11.233 [main] DEBUG io.netty.util.internal.PlatformDependent - org.jctools-core.MpscChunkedArrayQueue: available
2024-06-27 22:01:11.304 [main] DEBUG io.netty.util.ResourceLeakDetector - -Dio.netty.leakDetection.level: simple
2024-06-27 22:01:11.304 [main] DEBUG io.netty.util.ResourceLeakDetector - -Dio.netty.leakDetection.targetRecords: 4
2024-06-27 22:01:11.307 [main] DEBUG io.netty.buffer.PooledByteBufAllocator - -Dio.netty.allocator.numHeapArenas: 8
2024-06-27 22:01:11.307 [main] DEBUG io.netty.buffer.PooledByteBufAllocator - -Dio.netty.allocator.numDirectArenas: 8
2024-06-27 22:01:11.307 [main] DEBUG io.netty.buffer.PooledByteBufAllocator - -Dio.netty.allocator.pageSize: 8192
2024-06-27 22:01:11.307 [main] DEBUG io.netty.buffer.PooledByteBufAllocator - -Dio.netty.allocator.maxOrder: 11
2024-06-27 22:01:11.307 [main] DEBUG io.netty.buffer.PooledByteBufAllocator - -Dio.netty.allocator.chunkSize: 16777216
2024-06-27 22:01:11.307 [main] DEBUG io.netty.buffer.PooledByteBufAllocator - -Dio.netty.allocator.smallCacheSize: 256
2024-06-27 22:01:11.307 [main] DEBUG io.netty.buffer.PooledByteBufAllocator - -Dio.netty.allocator.normalCacheSize: 64
2024-06-27 22:01:11.308 [main] DEBUG io.netty.buffer.PooledByteBufAllocator - -Dio.netty.allocator.maxCachedBufferCapacity: 32768
2024-06-27 22:01:11.308 [main] DEBUG io.netty.buffer.PooledByteBufAllocator - -Dio.netty.allocator.cacheTrimInterval: 8192
2024-06-27 22:01:11.308 [main] DEBUG io.netty.buffer.PooledByteBufAllocator - -Dio.netty.allocator.cacheTrimIntervalMillis: 0
2024-06-27 22:01:11.308 [main] DEBUG io.netty.buffer.PooledByteBufAllocator - -Dio.netty.allocator.useCacheForAllThreads: true
2024-06-27 22:01:11.308 [main] DEBUG io.netty.buffer.PooledByteBufAllocator - -Dio.netty.allocator.maxCachedByteBuffersPerChunk: 1023
2024-06-27 22:01:11.338 [main] DEBUG io.netty.channel.DefaultChannelId - -Dio.netty.processId: 25316 (auto-detected)
2024-06-27 22:01:11.343 [main] DEBUG io.netty.util.NetUtil - -Djava.net.preferIPv4Stack: false
2024-06-27 22:01:11.343 [main] DEBUG io.netty.util.NetUtil - -Djava.net.preferIPv6Addresses: false
2024-06-27 22:01:11.346 [main] DEBUG io.netty.util.NetUtil - Loopback interface: lo0 (lo0, 0:0:0:0:0:0:0:1%lo0)
2024-06-27 22:01:11.346 [main] DEBUG io.netty.util.NetUtil - Failed to get SOMAXCONN from sysctl and file /proc/sys/net/core/somaxconn. Default: 128
2024-06-27 22:01:11.349 [main] DEBUG io.netty.channel.DefaultChannelId - -Dio.netty.machineId: 38:f9:d3:ff:fe:e2:eb:e9 (auto-detected)
2024-06-27 22:01:11.387 [main] DEBUG io.netty.buffer.ByteBufUtil - -Dio.netty.allocator.type: pooled
2024-06-27 22:01:11.387 [main] DEBUG io.netty.buffer.ByteBufUtil - -Dio.netty.threadLocalDirectBufferSize: 0
2024-06-27 22:01:11.388 [main] DEBUG io.netty.buffer.ByteBufUtil - -Dio.netty.maxThreadLocalCharBufferSize: 16384
2024-06-27 22:01:11.411 [nioEventLoopGroup-2-1] INFO  io.netty.handler.logging.LoggingHandler - [id: 0x05f1d764] REGISTERED
2024-06-27 22:01:11.413 [nioEventLoopGroup-2-1] INFO  io.netty.handler.logging.LoggingHandler - [id: 0x05f1d764] BIND: 0.0.0.0/0.0.0.0:9000
2024-06-27 22:01:11.417 [nioEventLoopGroup-2-1] INFO  io.netty.handler.logging.LoggingHandler - [id: 0x05f1d764, L:/0:0:0:0:0:0:0:0:9000] ACTIVE
